This file contains any messages produced by compilers while
running configure, to aid debugging if configure makes a mistake.

It was created by OpenJDK configure jdk8, which was
generated by GNU Autoconf 2.69.  Invocation command line was

  $ ./common/autoconf/configure --enable-option-checking=fatal --with-boot-jdk=/home/wavin/OpenJDK-1.8.0.141-x86_64-bin --enable-debug --enable-debug-symbols --disable-zip-debug-info --with-target-bits=64

## --------- ##
## Platform. ##
## --------- ##

hostname = wavin-NUC11PAHi5
uname -m = x86_64
uname -r = 5.11.0-38-generic
uname -s = Linux
uname -v = #42~20.04.1-Ubuntu SMP Tue Sep 28 20:41:07 UTC 2021

/usr/bin/uname -p = x86_64
/bin/uname -X     = unknown

/bin/arch              = x86_64
/usr/bin/arch -k       = unknown
/usr/convex/getsysinfo = unknown
/usr/bin/hostinfo      = unknown
/bin/machine           = unknown
/usr/bin/oslevel       = unknown
/bin/universe          = unknown

PATH: /usr/local/sbin
PATH: /usr/local/bin
PATH: /usr/sbin
PATH: /usr/bin
PATH: /sbin
PATH: /bin
PATH: /usr/games
PATH: /usr/local/games
PATH: /snap/bin
PATH: /usr/local/jvm/openjdk-1.8.0-internal-debug/bin
PATH: /usr/local/jvm/openjdk-1.8.0-internal-debug/bin


## ----------- ##
## Core tests. ##
## ----------- ##

configure:3881: Configuration created at Sat Oct 30 10:35:05 CST 2021.
configure:3883: configure script generated at timestamp 1384422786.
configure:3900: checking for basename
configure:3918: found /usr/bin/basename
configure:3930: result: /usr/bin/basename
configure:3959: checking for bash
configure:3989: result: /usr/bin/bash
configure:4018: checking for cat
configure:4036: found /usr/bin/cat
configure:4048: result: /usr/bin/cat
configure:4077: checking for chmod
configure:4095: found /usr/bin/chmod
configure:4107: result: /usr/bin/chmod
configure:4136: checking for cmp
configure:4154: found /usr/bin/cmp
configure:4166: result: /usr/bin/cmp
configure:4195: checking for comm
configure:4213: found /usr/bin/comm
configure:4225: result: /usr/bin/comm
configure:4254: checking for cp
configure:4272: found /usr/bin/cp
configure:4284: result: /usr/bin/cp
configure:4313: checking for cpio
configure:4331: found /usr/bin/cpio
configure:4343: result: /usr/bin/cpio
configure:4372: checking for cut
configure:4390: found /usr/bin/cut
configure:4402: result: /usr/bin/cut
configure:4431: checking for date
configure:4449: found /usr/bin/date
configure:4461: result: /usr/bin/date
configure:4490: checking for gdiff
configure:4523: result: no
configure:4490: checking for diff
configure:4508: found /usr/bin/diff
configure:4520: result: /usr/bin/diff
configure:4549: checking for dirname
configure:4567: found /usr/bin/dirname
configure:4579: result: /usr/bin/dirname
configure:4608: checking for echo
configure:4626: found /usr/bin/echo
configure:4638: result: /usr/bin/echo
configure:4667: checking for expr
configure:4685: found /usr/bin/expr
configure:4697: result: /usr/bin/expr
configure:4726: checking for file
configure:4744: found /usr/bin/file
configure:4756: result: /usr/bin/file
configure:4785: checking for find
configure:4803: found /usr/bin/find
configure:4815: result: /usr/bin/find
configure:4844: checking for head
configure:4862: found /usr/bin/head
configure:4874: result: /usr/bin/head
configure:4903: checking for ln
configure:4921: found /usr/bin/ln
configure:4933: result: /usr/bin/ln
configure:4962: checking for ls
configure:4980: found /usr/bin/ls
configure:4992: result: /usr/bin/ls
configure:5021: checking for mkdir
configure:5039: found /usr/bin/mkdir
configure:5051: result: /usr/bin/mkdir
configure:5080: checking for mktemp
configure:5098: found /usr/bin/mktemp
configure:5110: result: /usr/bin/mktemp
configure:5139: checking for mv
configure:5157: found /usr/bin/mv
configure:5169: result: /usr/bin/mv
configure:5198: checking for printf
configure:5216: found /usr/bin/printf
configure:5228: result: /usr/bin/printf
configure:5257: checking for rm
configure:5275: found /usr/bin/rm
configure:5287: result: /usr/bin/rm
configure:5316: checking for sh
configure:5334: found /usr/bin/sh
configure:5346: result: /usr/bin/sh
configure:5375: checking for sort
configure:5393: found /usr/bin/sort
configure:5405: result: /usr/bin/sort
configure:5434: checking for tail
configure:5452: found /usr/bin/tail
configure:5464: result: /usr/bin/tail
configure:5493: checking for tar
configure:5511: found /usr/bin/tar
configure:5523: result: /usr/bin/tar
configure:5552: checking for tee
configure:5570: found /usr/bin/tee
configure:5582: result: /usr/bin/tee
configure:5611: checking for touch
configure:5629: found /usr/bin/touch
configure:5641: result: /usr/bin/touch
configure:5670: checking for tr
configure:5688: found /usr/bin/tr
configure:5700: result: /usr/bin/tr
configure:5729: checking for uname
configure:5747: found /usr/bin/uname
configure:5759: result: /usr/bin/uname
configure:5788: checking for uniq
configure:5806: found /usr/bin/uniq
configure:5818: result: /usr/bin/uniq
configure:5847: checking for wc
configure:5865: found /usr/bin/wc
configure:5877: result: /usr/bin/wc
configure:5906: checking for which
configure:5924: found /usr/bin/which
configure:5936: result: /usr/bin/which
configure:5965: checking for xargs
configure:5983: found /usr/bin/xargs
configure:5995: result: /usr/bin/xargs
configure:6025: checking for gawk
configure:6041: found /usr/bin/gawk
configure:6052: result: gawk
configure:6075: checking for grep that handles long lines and -e
configure:6133: result: /usr/bin/grep
configure:6150: checking for egrep
configure:6212: result: /usr/bin/grep -E
configure:6229: checking for fgrep
configure:6291: result: /usr/bin/grep -F
configure:6308: checking for a sed that does not truncate output
configure:6372: result: /usr/bin/sed
configure:6394: checking for nawk
configure:6412: found /usr/bin/nawk
configure:6424: result: /usr/bin/nawk
configure:6458: checking for cygpath
configure:6491: result: no
configure:6498: checking for readlink
configure:6516: found /usr/bin/readlink
configure:6528: result: /usr/bin/readlink
configure:6538: checking for df
configure:6556: found /usr/bin/df
configure:6568: result: /usr/bin/df
configure:6578: checking for SetFile
configure:6611: result: no
configure:6624: checking build system type
configure:6638: result: x86_64-unknown-linux-gnu
configure:6658: checking host system type
configure:6671: result: x86_64-unknown-linux-gnu
configure:6691: checking target system type
configure:6704: result: x86_64-unknown-linux-gnu
configure:6865: checking openjdk-build os-cpu
configure:6867: result: linux-x86_64
configure:6985: checking openjdk-target os-cpu
configure:6987: result: linux-x86_64
configure:7029: --with-target-bits are set to build platform address size; argument has no meaning
configure:7037: checking compilation type
configure:7039: result: native
configure:7738: checking for presence of closed sources
configure:7745: result: no
configure:7748: checking if closed source is suppressed (openjdk-only)
configure:7751: result: no
configure:7788: checking which variant of the JDK to build
configure:7805: result: normal
configure:7821: checking which variants of the JVM to build
configure:7840: result: server
configure:7907: checking which debug level to use
configure:7931: result: fastdebug
configure:8092: checking what configuration name to use
configure:8094: result: linux-x86_64-normal-server-fastdebug
configure:8261: checking for apt-get
configure:8277: found /usr/bin/apt-get
configure:8288: result: apt-get
configure:8626: checking for gmake
configure:8659: result: no
configure:8980: checking for make
configure:8998: found /usr/bin/make
configure:9010: result: /usr/bin/make
configure:9025: Testing potential make at /usr/bin/make, found using make in PATH
configure:9293: Resolving FOUND_MAKE (as /usr/bin/make) failed, using /usr/bin/make directly.
configure:10052: Using GNU make 3.81 (or later) at /usr/bin/make (version: GNU Make 4.2.1)
configure:10058: checking if find supports -delete
configure:10074: result: yes
configure:10088: checking for unzip
configure:10106: found /usr/bin/unzip
configure:10118: result: /usr/bin/unzip
configure:10147: checking for zip
configure:10165: found /usr/bin/zip
configure:10177: result: /usr/bin/zip
configure:10206: checking for ldd
configure:10224: found /usr/bin/ldd
configure:10236: result: /usr/bin/ldd
configure:10252: checking for otool
configure:10285: result: no
configure:10297: checking for readelf
configure:10315: found /usr/bin/readelf
configure:10327: result: /usr/bin/readelf
configure:10340: checking for hg
configure:10373: result: no
configure:10380: checking for stat
configure:10398: found /usr/bin/stat
configure:10410: result: /usr/bin/stat
configure:10420: checking for time
configure:10438: found /usr/bin/time
configure:10450: result: /usr/bin/time
configure:10757: checking for pkg-config
configure:10775: found /usr/bin/pkg-config
configure:10787: result: /usr/bin/pkg-config
configure:10812: checking pkg-config is at least version 0.9.0
configure:10815: result: yes
configure:10930: checking for 7z
configure:10960: result: no
configure:10930: checking for unzip
configure:10946: found /usr/bin/unzip
configure:10957: result: unzip
configure:10976: checking for wget
configure:10992: found /usr/bin/wget
configure:11003: result: wget
configure:11030: checking headful support
configure:11054: result: include support for both headful and headless
configure:11249: Found potential Boot JDK using configure arguments
configure:11412: checking for Boot JDK
configure:11414: result: /home/wavin/OpenJDK-1.8.0.141-x86_64-bin
configure:11416: checking Boot JDK version
configure:11419: result: openjdk version "1.8.0_141-BLFS" OpenJDK Runtime Environment (build 1.8.0_141-BLFS-b15) OpenJDK 64-Bit Server VM (build 25.141-b15, mixed mode) 
configure:15884: checking for java in Boot JDK
configure:15894: result: ok
configure:15898: checking for javac in Boot JDK
configure:15908: result: ok
configure:15912: checking for javah in Boot JDK
configure:15922: result: ok
configure:15926: checking for javap in Boot JDK
configure:15936: result: ok
configure:15940: checking for jar in Boot JDK
configure:15950: result: ok
configure:15954: checking for rmic in Boot JDK
configure:15964: result: ok
configure:15968: checking for native2ascii in Boot JDK
configure:15978: result: ok
Check if jvm arg is ok: -Xms64M
Command: /home/wavin/OpenJDK-1.8.0.141-x86_64-bin/bin/java -Xms64M -version
Check if jvm arg is ok: -Xmx1100M
Command: /home/wavin/OpenJDK-1.8.0.141-x86_64-bin/bin/java -Xmx1100M -version
Check if jvm arg is ok: -XX:PermSize=32m
Command: /home/wavin/OpenJDK-1.8.0.141-x86_64-bin/bin/java -XX:PermSize=32m -version
Arg failed:
OpenJDK 64-Bit Server VM warning: ignoring option PermSize=32m; support was removed in 8.0
openjdk version "1.8.0_141-BLFS"
OpenJDK Runtime Environment (build 1.8.0_141-BLFS-b15)
OpenJDK 64-Bit Server VM (build 25.141-b15, mixed mode)
Check if jvm arg is ok: -XX:MaxPermSize=160m
Command: /home/wavin/OpenJDK-1.8.0.141-x86_64-bin/bin/java -XX:MaxPermSize=160m -version
Arg failed:
OpenJDK 64-Bit Server VM warning: ignoring option MaxPermSize=160m; support was removed in 8.0
openjdk version "1.8.0_141-BLFS"
OpenJDK Runtime Environment (build 1.8.0_141-BLFS-b15)
OpenJDK 64-Bit Server VM (build 25.141-b15, mixed mode)
Check if jvm arg is ok: -XX:ThreadStackSize=1536
Command: /home/wavin/OpenJDK-1.8.0.141-x86_64-bin/bin/java -XX:ThreadStackSize=1536 -version
Check if jvm arg is ok: -XX:-PrintVMOptions -XX:-UnlockDiagnosticVMOptions -XX:-LogVMOutput
Command: /home/wavin/OpenJDK-1.8.0.141-x86_64-bin/bin/java -XX:-PrintVMOptions -XX:-UnlockDiagnosticVMOptions -XX:-LogVMOutput -version
Arg failed:
Error: VM option 'LogVMOutput' is diagnostic and must be enabled via -XX:+UnlockDiagnosticVMOptions.
Error: Could not create the Java Virtual Machine.
Error: A fatal exception has occurred. Program will exit.
configure:16494: checking for jtreg
configure:16496: result: no
configure:19171: checking for gcc-4.8
configure:19189: found /usr/bin/gcc-4.8
configure:19201: result: /usr/bin/gcc-4.8
configure:19486: Resolving CC (as /usr/bin/gcc-4.8) failed, using /usr/bin/gcc-4.8 directly.
configure:19516: checking resolved symbolic links for CC
configure:19567: result: /usr/bin/gcc-4.8
configure:19569: checking if CC is disguised ccache
configure:20008: result: no, keeping CC
configure:20070: Using gcc-4.8 (Ubuntu 4.8.5-4ubuntu8) C compiler version 4.8.5 (located at /usr/bin/gcc-4.8)
configure:20187: checking for C compiler version
configure:20196: /usr/bin/gcc-4.8 --version >&5
gcc-4.8 (Ubuntu 4.8.5-4ubuntu8) 4.8.5
Copyright (C) 2015 Free Software Foundation, Inc.
This is free software; see the source for copying conditions.  There is NO
warranty; not even for MERCHANTABILITY or FITNESS FOR A PARTICULAR PURPOSE.

configure:20207: $? = 0
configure:20196: /usr/bin/gcc-4.8 -v >&5
Using built-in specs.
COLLECT_GCC=/usr/bin/gcc-4.8
COLLECT_LTO_WRAPPER=/usr/lib/gcc/x86_64-linux-gnu/4.8/lto-wrapper
Target: x86_64-linux-gnu
Configured with: ../src/configure -v --with-pkgversion='Ubuntu 4.8.5-4ubuntu8' --with-bugurl=file:///usr/share/doc/gcc-4.8/README.Bugs --enable-languages=c,c++,go,d,fortran,objc,obj-c++ --prefix=/usr --program-suffix=-4.8 --enable-shared --enable-linker-build-id --libexecdir=/usr/lib --without-included-gettext --enable-threads=posix --with-gxx-include-dir=/usr/include/c++/4.8 --libdir=/usr/lib --enable-nls --with-sysroot=/ --enable-clocale=gnu --enable-libstdcxx-debug --enable-libstdcxx-time=yes --enable-gnu-unique-object --disable-libmudflap --enable-plugin --with-system-zlib --enable-objc-gc --enable-multiarch --disable-werror --with-arch-32=i686 --with-abi=m64 --with-multilib-list=m32,m64,mx32 --with-tune=generic --enable-checking=release --build=x86_64-linux-gnu --host=x86_64-linux-gnu --target=x86_64-linux-gnu
Thread model: posix
gcc version 4.8.5 (Ubuntu 4.8.5-4ubuntu8) 
configure:20207: $? = 0
configure:20196: /usr/bin/gcc-4.8 -V >&5
gcc-4.8: error: unrecognized command line option '-V'
gcc-4.8: fatal error: no input files
compilation terminated.
configure:20207: $? = 4
configure:20196: /usr/bin/gcc-4.8 -qversion >&5
gcc-4.8: error: unrecognized command line option '-qversion'
gcc-4.8: fatal error: no input files
compilation terminated.
configure:20207: $? = 4
configure:20227: checking whether the C compiler works
configure:20249: /usr/bin/gcc-4.8 -W   conftest.c  >&5
configure:20253: $? = 0
configure:20301: result: yes
configure:20304: checking for C compiler default output file name
configure:20306: result: a.out
configure:20312: checking for suffix of executables
configure:20319: /usr/bin/gcc-4.8 -o conftest -W   conftest.c  >&5
configure:20323: $? = 0
configure:20345: result: 
configure:20367: checking whether we are cross compiling
configure:20375: /usr/bin/gcc-4.8 -o conftest -W   conftest.c  >&5
configure:20379: $? = 0
configure:20386: ./conftest
configure:20390: $? = 0
configure:20378: result: no
configure:20383: checking for suffix of object files
configure:20405: /usr/bin/gcc-4.8 -c -W  conftest.c >&5
configure:20409: $? = 0
configure:20430: result: o
configure:20434: checking whether we are using the GNU C compiler
configure:20453: /usr/bin/gcc-4.8 -c -W  conftest.c >&5
configure:20453: $? = 0
configure:20462: result: yes
configure:20471: checking whether /usr/bin/gcc-4.8 accepts -g
configure:20491: /usr/bin/gcc-4.8 -c -g  conftest.c >&5
configure:20491: $? = 0
configure:20532: result: yes
configure:20549: checking for /usr/bin/gcc-4.8 option to accept ISO C89
configure:20612: /usr/bin/gcc-4.8  -c -W  conftest.c >&5
configure:20612: $? = 0
configure:20625: result: none needed
configure:20723: checking for g++-4.8
configure:20741: found /usr/bin/g++-4.8
configure:20753: result: /usr/bin/g++-4.8
configure:21038: Resolving CXX (as /usr/bin/g++-4.8) failed, using /usr/bin/g++-4.8 directly.
configure:21068: checking resolved symbolic links for CXX
configure:21119: result: /usr/bin/g++-4.8
configure:21121: checking if CXX is disguised ccache
configure:21560: result: no, keeping CXX
configure:21622: Using g++-4.8 (Ubuntu 4.8.5-4ubuntu8) C++ compiler version 4.8.5 (located at /usr/bin/g++-4.8)
configure:21739: checking for C++ compiler version
configure:21748: /usr/bin/g++-4.8 --version >&5
g++-4.8 (Ubuntu 4.8.5-4ubuntu8) 4.8.5
Copyright (C) 2015 Free Software Foundation, Inc.
This is free software; see the source for copying conditions.  There is NO
warranty; not even for MERCHANTABILITY or FITNESS FOR A PARTICULAR PURPOSE.

configure:21759: $? = 0
configure:21748: /usr/bin/g++-4.8 -v >&5
Using built-in specs.
COLLECT_GCC=/usr/bin/g++-4.8
COLLECT_LTO_WRAPPER=/usr/lib/gcc/x86_64-linux-gnu/4.8/lto-wrapper
Target: x86_64-linux-gnu
Configured with: ../src/configure -v --with-pkgversion='Ubuntu 4.8.5-4ubuntu8' --with-bugurl=file:///usr/share/doc/gcc-4.8/README.Bugs --enable-languages=c,c++,go,d,fortran,objc,obj-c++ --prefix=/usr --program-suffix=-4.8 --enable-shared --enable-linker-build-id --libexecdir=/usr/lib --without-included-gettext --enable-threads=posix --with-gxx-include-dir=/usr/include/c++/4.8 --libdir=/usr/lib --enable-nls --with-sysroot=/ --enable-clocale=gnu --enable-libstdcxx-debug --enable-libstdcxx-time=yes --enable-gnu-unique-object --disable-libmudflap --enable-plugin --with-system-zlib --enable-objc-gc --enable-multiarch --disable-werror --with-arch-32=i686 --with-abi=m64 --with-multilib-list=m32,m64,mx32 --with-tune=generic --enable-checking=release --build=x86_64-linux-gnu --host=x86_64-linux-gnu --target=x86_64-linux-gnu
Thread model: posix
gcc version 4.8.5 (Ubuntu 4.8.5-4ubuntu8) 
configure:21759: $? = 0
configure:21748: /usr/bin/g++-4.8 -V >&5
g++-4.8: error: unrecognized command line option '-V'
g++-4.8: fatal error: no input files
compilation terminated.
configure:21759: $? = 4
configure:21748: /usr/bin/g++-4.8 -qversion >&5
g++-4.8: error: unrecognized command line option '-qversion'
g++-4.8: fatal error: no input files
compilation terminated.
configure:21759: $? = 4
configure:21763: checking whether we are using the GNU C++ compiler
configure:21782: /usr/bin/g++-4.8 -c   conftest.cpp >&5
configure:21782: $? = 0
configure:21791: result: yes
configure:21800: checking whether /usr/bin/g++-4.8 accepts -g
configure:21820: /usr/bin/g++-4.8 -c -g  conftest.cpp >&5
configure:21820: $? = 0
configure:21861: result: yes
configure:22471: checking for ar
configure:22487: found /usr/bin/ar
configure:22498: result: ar
configure:22782: Rewriting AR to "/usr/bin/ar"
configure:24485: checking how to run the C preprocessor
configure:24516: /usr/bin/gcc-4.8 -E  conftest.c
configure:24516: $? = 0
configure:24530: /usr/bin/gcc-4.8 -E  conftest.c
conftest.c:9:28: fatal error: ac_nonexistent.h: No such file or directory
 #include <ac_nonexistent.h>
                            ^
compilation terminated.
configure:24530: $? = 1
configure: failed program was:
| /* confdefs.h */
| #define PACKAGE_NAME "OpenJDK"
| #define PACKAGE_TARNAME "openjdk"
| #define PACKAGE_VERSION "jdk8"
| #define PACKAGE_STRING "OpenJDK jdk8"
| #define PACKAGE_BUGREPORT "build-dev@openjdk.java.net"
| #define PACKAGE_URL "http://openjdk.java.net"
| /* end confdefs.h.  */
| #include <ac_nonexistent.h>
configure:24555: result: /usr/bin/gcc-4.8 -E
configure:24575: /usr/bin/gcc-4.8 -E  conftest.c
configure:24575: $? = 0
configure:24589: /usr/bin/gcc-4.8 -E  conftest.c
conftest.c:9:28: fatal error: ac_nonexistent.h: No such file or directory
 #include <ac_nonexistent.h>
                            ^
compilation terminated.
configure:24589: $? = 1
configure: failed program was:
| /* confdefs.h */
| #define PACKAGE_NAME "OpenJDK"
| #define PACKAGE_TARNAME "openjdk"
| #define PACKAGE_VERSION "jdk8"
| #define PACKAGE_STRING "OpenJDK jdk8"
| #define PACKAGE_BUGREPORT "build-dev@openjdk.java.net"
| #define PACKAGE_URL "http://openjdk.java.net"
| /* end confdefs.h.  */
| #include <ac_nonexistent.h>
configure:24853: Resolving CPP (as /usr/bin/gcc-4.8) failed, using /usr/bin/gcc-4.8 directly.
configure:24889: checking how to run the C++ preprocessor
configure:24916: /usr/bin/g++-4.8 -E  conftest.cpp
configure:24916: $? = 0
configure:24930: /usr/bin/g++-4.8 -E  conftest.cpp
conftest.cpp:9:28: fatal error: ac_nonexistent.h: No such file or directory
 #include <ac_nonexistent.h>
                            ^
compilation terminated.
configure:24930: $? = 1
configure: failed program was:
| /* confdefs.h */
| #define PACKAGE_NAME "OpenJDK"
| #define PACKAGE_TARNAME "openjdk"
| #define PACKAGE_VERSION "jdk8"
| #define PACKAGE_STRING "OpenJDK jdk8"
| #define PACKAGE_BUGREPORT "build-dev@openjdk.java.net"
| #define PACKAGE_URL "http://openjdk.java.net"
| /* end confdefs.h.  */
| #include <ac_nonexistent.h>
configure:24955: result: /usr/bin/g++-4.8 -E
configure:24975: /usr/bin/g++-4.8 -E  conftest.cpp
configure:24975: $? = 0
configure:24989: /usr/bin/g++-4.8 -E  conftest.cpp
conftest.cpp:9:28: fatal error: ac_nonexistent.h: No such file or directory
 #include <ac_nonexistent.h>
                            ^
compilation terminated.
configure:24989: $? = 1
configure: failed program was:
| /* confdefs.h */
| #define PACKAGE_NAME "OpenJDK"
| #define PACKAGE_TARNAME "openjdk"
| #define PACKAGE_VERSION "jdk8"
| #define PACKAGE_STRING "OpenJDK jdk8"
| #define PACKAGE_BUGREPORT "build-dev@openjdk.java.net"
| #define PACKAGE_URL "http://openjdk.java.net"
| /* end confdefs.h.  */
| #include <ac_nonexistent.h>
configure:25253: Resolving CXXCPP (as /usr/bin/g++-4.8) failed, using /usr/bin/g++-4.8 directly.
configure:26886: checking for nm
configure:26902: found /usr/bin/nm
configure:26913: result: nm
configure:27197: Rewriting NM to "/usr/bin/nm"
configure:27246: checking for strip
configure:27262: found /usr/bin/strip
configure:27273: result: strip
configure:27557: Rewriting STRIP to "/usr/bin/strip"
configure:27615: checking for gobjcopy
configure:27645: result: no
configure:27615: checking for objcopy
configure:27631: found /usr/bin/objcopy
configure:27642: result: objcopy
configure:27930: Rewriting OBJCOPY to "/usr/bin/objcopy"
configure:27986: checking for gobjdump
configure:28016: result: no
configure:27986: checking for objdump
configure:28002: found /usr/bin/objdump
configure:28013: result: objdump
configure:28301: Rewriting OBJDUMP to "/usr/bin/objdump"
configure:28627: checking for ANSI C header files
configure:28647: /usr/bin/g++-4.8 -c   conftest.cpp >&5
configure:28647: $? = 0
configure:28720: /usr/bin/g++-4.8 -o conftest    conftest.cpp  >&5
configure:28720: $? = 0
configure:28720: ./conftest
configure:28720: $? = 0
configure:28731: result: yes
configure:28744: checking for sys/types.h
configure:28744: /usr/bin/g++-4.8 -c   conftest.cpp >&5
configure:28744: $? = 0
configure:28744: result: yes
configure:28744: checking for sys/stat.h
configure:28744: /usr/bin/g++-4.8 -c   conftest.cpp >&5
configure:28744: $? = 0
configure:28744: result: yes
configure:28744: checking for stdlib.h
configure:28744: /usr/bin/g++-4.8 -c   conftest.cpp >&5
configure:28744: $? = 0
configure:28744: result: yes
configure:28744: checking for string.h
configure:28744: /usr/bin/g++-4.8 -c   conftest.cpp >&5
configure:28744: $? = 0
configure:28744: result: yes
configure:28744: checking for memory.h
configure:28744: /usr/bin/g++-4.8 -c   conftest.cpp >&5
configure:28744: $? = 0
configure:28744: result: yes
configure:28744: checking for strings.h
configure:28744: /usr/bin/g++-4.8 -c   conftest.cpp >&5
configure:28744: $? = 0
configure:28744: result: yes
configure:28744: checking for inttypes.h
configure:28744: /usr/bin/g++-4.8 -c   conftest.cpp >&5
configure:28744: $? = 0
configure:28744: result: yes
configure:28744: checking for stdint.h
configure:28744: /usr/bin/g++-4.8 -c   conftest.cpp >&5
configure:28744: $? = 0
configure:28744: result: yes
configure:28744: checking for unistd.h
configure:28744: /usr/bin/g++-4.8 -c   conftest.cpp >&5
configure:28744: $? = 0
configure:28744: result: yes
configure:28809: checking stdio.h usability
configure:28809: /usr/bin/g++-4.8 -c   conftest.cpp >&5
configure:28809: $? = 0
configure:28809: result: yes
configure:28809: checking stdio.h presence
configure:28809: /usr/bin/g++-4.8 -E  conftest.cpp
configure:28809: $? = 0
configure:28809: result: yes
configure:28809: checking for stdio.h
configure:28809: result: yes
configure:28837: checking size of int *
configure:28842: /usr/bin/g++-4.8 -o conftest    conftest.cpp  >&5
configure:28842: $? = 0
configure:28842: ./conftest
configure:28842: $? = 0
configure:28856: result: 8
configure:28884: checking for target address size
configure:28886: result: 64 bits
configure:28894: checking whether byte ordering is bigendian
configure:28909: /usr/bin/g++-4.8 -c   conftest.cpp >&5
conftest.cpp:22:9: error: expected unqualified-id before 'not' token
         not a universal capable compiler
         ^
configure:28909: $? = 1
configure: failed program was:
| /* confdefs.h */
| #define PACKAGE_NAME "OpenJDK"
| #define PACKAGE_TARNAME "openjdk"
| #define PACKAGE_VERSION "jdk8"
| #define PACKAGE_STRING "OpenJDK jdk8"
| #define PACKAGE_BUGREPORT "build-dev@openjdk.java.net"
| #define PACKAGE_URL "http://openjdk.java.net"
| #define STDC_HEADERS 1
| #define HAVE_SYS_TYPES_H 1
| #define HAVE_SYS_STAT_H 1
| #define HAVE_STDLIB_H 1
| #define HAVE_STRING_H 1
| #define HAVE_MEMORY_H 1
| #define HAVE_STRINGS_H 1
| #define HAVE_INTTYPES_H 1
| #define HAVE_STDINT_H 1
| #define HAVE_UNISTD_H 1
| #define HAVE_STDIO_H 1
| #define SIZEOF_INT_P 8
| /* end confdefs.h.  */
| #ifndef __APPLE_CC__
| 	       not a universal capable compiler
| 	     #endif
| 	     typedef int dummy;
| 
configure:28954: /usr/bin/g++-4.8 -c   conftest.cpp >&5
configure:28954: $? = 0
configure:28972: /usr/bin/g++-4.8 -c   conftest.cpp >&5
conftest.cpp: In function 'int main()':
conftest.cpp:28:8: error: 'big' was not declared in this scope
    not big endian
        ^
conftest.cpp:28:12: error: expected ';' before 'endian'
    not big endian
            ^
configure:28972: $? = 1
configure: failed program was:
| /* confdefs.h */
| #define PACKAGE_NAME "OpenJDK"
| #define PACKAGE_TARNAME "openjdk"
| #define PACKAGE_VERSION "jdk8"
| #define PACKAGE_STRING "OpenJDK jdk8"
| #define PACKAGE_BUGREPORT "build-dev@openjdk.java.net"
| #define PACKAGE_URL "http://openjdk.java.net"
| #define STDC_HEADERS 1
| #define HAVE_SYS_TYPES_H 1
| #define HAVE_SYS_STAT_H 1
| #define HAVE_STDLIB_H 1
| #define HAVE_STRING_H 1
| #define HAVE_MEMORY_H 1
| #define HAVE_STRINGS_H 1
| #define HAVE_INTTYPES_H 1
| #define HAVE_STDINT_H 1
| #define HAVE_UNISTD_H 1
| #define HAVE_STDIO_H 1
| #define SIZEOF_INT_P 8
| /* end confdefs.h.  */
| #include <sys/types.h>
| 		#include <sys/param.h>
| 
| int
| main ()
| {
| #if BYTE_ORDER != BIG_ENDIAN
| 		 not big endian
| 		#endif
| 
|   ;
|   return 0;
| }
configure:29100: result: no
configure:29414: WARNING: Ignoring CFLAGS(-W) found in environment. Use --with-extra-cflags
configure:29708: checking if compiler supports "-m64"
configure:29724: /usr/bin/gcc-4.8 -c -W -m64  conftest.c >&5
configure:29724: $? = 0
configure:29750: /usr/bin/g++-4.8 -c  -m64  conftest.cpp >&5
configure:29750: $? = 0
configure:29764: result: yes
configure:29777: checking if compiler supports "-m64"
configure:29793: /usr/bin/gcc-4.8 -c -W -m64  conftest.c >&5
configure:29793: $? = 0
configure:29819: /usr/bin/g++-4.8 -c  -m64  conftest.cpp >&5
configure:29819: $? = 0
configure:29833: result: yes
configure:29856: checking if we should generate debug symbols
configure:29881: result: true
configure:29887: checking if we should zip debug-info files
configure:29896: result: no
configure:29984: checking what is not needed on Linux?
configure:29987: result: pulse
configure:30056: checking for Mac OS X Java Framework
configure:30062: result: no
configure:30096: checking for X
configure:30235: /usr/bin/g++-4.8 -o conftest    conftest.cpp -lX11  >&5
configure:30235: $? = 0
configure:30285: result: libraries , headers 
configure:30384: /usr/bin/g++-4.8 -o conftest    conftest.cpp   -lX11 >&5
configure:30384: $? = 0
configure:30482: checking for gethostbyname
configure:30482: /usr/bin/g++-4.8 -o conftest    conftest.cpp  >&5
configure:30482: $? = 0
configure:30482: result: yes
configure:30579: checking for connect
configure:30579: /usr/bin/g++-4.8 -o conftest    conftest.cpp  >&5
configure:30579: $? = 0
configure:30579: result: yes
configure:30628: checking for remove
configure:30628: /usr/bin/g++-4.8 -o conftest    conftest.cpp  >&5
configure:30628: $? = 0
configure:30628: result: yes
configure:30677: checking for shmat
configure:30677: /usr/bin/g++-4.8 -o conftest    conftest.cpp  >&5
configure:30677: $? = 0
configure:30677: result: yes
configure:30735: checking for IceConnectionNumber in -lICE
configure:30760: /usr/bin/g++-4.8 -o conftest    conftest.cpp -lICE   >&5
configure:30760: $? = 0
configure:30769: result: yes
configure:30852: checking for X11/extensions/shape.h
configure:30852: /usr/bin/gcc-4.8 -c -W   conftest.c >&5
configure:30852: $? = 0
configure:30852: result: yes
configure:30852: checking for X11/extensions/Xrender.h
configure:30852: /usr/bin/gcc-4.8 -c -W   conftest.c >&5
configure:30852: $? = 0
configure:30852: result: yes
configure:30852: checking for X11/extensions/XTest.h
configure:30852: /usr/bin/gcc-4.8 -c -W   conftest.c >&5
configure:30852: $? = 0
configure:30852: result: yes
configure:30852: checking for X11/Intrinsic.h
configure:30852: /usr/bin/gcc-4.8 -c -W   conftest.c >&5
configure:30852: $? = 0
configure:30852: result: yes
configure:31107: checking cups/cups.h usability
configure:31107: /usr/bin/g++-4.8 -c   conftest.cpp >&5
configure:31107: $? = 0
configure:31107: result: yes
configure:31107: checking cups/cups.h presence
configure:31107: /usr/bin/g++-4.8 -E  conftest.cpp
configure:31107: $? = 0
configure:31107: result: yes
configure:31107: checking for cups/cups.h
configure:31107: result: yes
configure:31107: checking cups/ppd.h usability
configure:31107: /usr/bin/g++-4.8 -c   conftest.cpp >&5
configure:31107: $? = 0
configure:31107: result: yes
configure:31107: checking cups/ppd.h presence
configure:31107: /usr/bin/g++-4.8 -E  conftest.cpp
configure:31107: $? = 0
configure:31107: result: yes
configure:31107: checking for cups/ppd.h
configure:31107: result: yes
configure:31735: checking for FREETYPE
configure:31742: $PKG_CONFIG --exists --print-errors "freetype2"
configure:31745: $? = 0
configure:31758: $PKG_CONFIG --exists --print-errors "freetype2"
configure:31761: $? = 0
configure:31796: result: yes
configure:31813: checking for freetype
configure:31815: result: yes (using pkg-config)
configure:34201: checking if we can compile and link with freetype
configure:34226:  /usr/bin/g++-4.8 -o conftest  -I/usr/include/freetype2 -I/usr/include/libpng16   conftest.cpp  -lfreetype >&5
configure:34226: $? = 0
configure:34228: result: yes
configure:34289: checking if we should bundle freetype
configure:34294: result: no
configure:34505: checking for ALSA
configure:34512: $PKG_CONFIG --exists --print-errors "alsa"
configure:34515: $? = 0
configure:34528: $PKG_CONFIG --exists --print-errors "alsa"
configure:34531: $? = 0
configure:34566: result: yes
configure:34640: checking for main in -ljpeg
configure:34659: /usr/bin/g++-4.8 -o conftest  -I/usr/include/freetype2 -I/usr/include/libpng16   conftest.cpp -ljpeg   >&5
configure:34659: $? = 0
configure:34668: result: yes
configure:34699: checking for which giflib to use
configure:34712: result: bundled
configure:34792: checking for compress in -lz
configure:34817: /usr/bin/g++-4.8 -o conftest  -I/usr/include/freetype2 -I/usr/include/libpng16   conftest.cpp -lz  -ljpeg  >&5
configure:34817: $? = 0
configure:34826: result: yes
configure:34835: checking for which zlib to use
configure:34862: result: bundled
configure:34901: /usr/bin/g++-4.8 -o conftest  -I/usr/include/freetype2 -I/usr/include/libpng16   conftest.cpp -ljpeg  >&5
conftest.cpp: In function 'int main()':
conftest.cpp:32:13: error: 'altzone' was not declared in this scope
 return (int)altzone;
             ^
configure:34901: $? = 1
configure: failed program was:
| /* confdefs.h */
| #define PACKAGE_NAME "OpenJDK"
| #define PACKAGE_TARNAME "openjdk"
| #define PACKAGE_VERSION "jdk8"
| #define PACKAGE_STRING "OpenJDK jdk8"
| #define PACKAGE_BUGREPORT "build-dev@openjdk.java.net"
| #define PACKAGE_URL "http://openjdk.java.net"
| #define STDC_HEADERS 1
| #define HAVE_SYS_TYPES_H 1
| #define HAVE_SYS_STAT_H 1
| #define HAVE_STDLIB_H 1
| #define HAVE_STRING_H 1
| #define HAVE_MEMORY_H 1
| #define HAVE_STRINGS_H 1
| #define HAVE_INTTYPES_H 1
| #define HAVE_STDINT_H 1
| #define HAVE_UNISTD_H 1
| #define HAVE_STDIO_H 1
| #define SIZEOF_INT_P 8
| #define HAVE_X11_EXTENSIONS_SHAPE_H 1
| #define HAVE_X11_EXTENSIONS_XRENDER_H 1
| #define HAVE_X11_EXTENSIONS_XTEST_H 1
| #define HAVE_X11_INTRINSIC_H 1
| #define HAVE_CUPS_CUPS_H 1
| #define HAVE_CUPS_PPD_H 1
| #define HAVE_LIBJPEG 1
| /* end confdefs.h.  */
| #include <time.h>
| int
| main ()
| {
| return (int)altzone;
|   ;
|   return 0;
| }
configure:34919: checking for cos in -lm
configure:34944: /usr/bin/g++-4.8 -o conftest  -I/usr/include/freetype2 -I/usr/include/libpng16   conftest.cpp -lm  -ljpeg  >&5
configure:34944: $? = 0
configure:34953: result: yes
configure:34978: checking for dlopen in -ldl
configure:35003: /usr/bin/g++-4.8 -o conftest  -I/usr/include/freetype2 -I/usr/include/libpng16   conftest.cpp -ldl   >&5
configure:35003: $? = 0
configure:35012: result: yes
configure:35050: checking if dynamic link of stdc++ is possible
configure:35071: /usr/bin/g++-4.8 -o conftest  -I/usr/include/freetype2 -I/usr/include/libpng16 -lstdc++   conftest.cpp -lm -ljpeg  >&5
configure:35071: $? = 0
configure:35085: result: yes
configure:35089: checking if static link of stdc++ is possible
configure:35113: /usr/bin/gcc-4.8 -o conftest  -I/usr/include/freetype2 -I/usr/include/libpng16   conftest.cpp -Wl,-Bstatic -lstdc++ -lgcc -Wl,-Bdynamic >&5
configure:35113: $? = 0
configure:35128: result: yes
configure:35143: checking how to link with libstdc++
configure:35157: result: static
configure:35369: checking if elliptic curve crypto implementation is present
configure:35374: result: yes
configure:35403: checking for number of cores
configure:35427: result: 8
configure:35452: checking for memory size
configure:35480: result: 15635 MB
configure:35505: checking for appropriate number of jobs to run in parallel
configure:35526: result: 7
Check if jvm arg is ok: -verbosegc
Command: /home/wavin/OpenJDK-1.8.0.141-x86_64-bin/bin/java -verbosegc -version
Check if jvm arg is ok: -Xverbose:gc
Command: /home/wavin/OpenJDK-1.8.0.141-x86_64-bin/bin/java -Xverbose:gc -version
Arg failed:
Unrecognized option: -Xverbose:gc
Error: Could not create the Java Virtual Machine.
Error: A fatal exception has occurred. Program will exit.
Check if jvm arg is ok: -d64
Command: /home/wavin/OpenJDK-1.8.0.141-x86_64-bin/bin/java  -verbosegc -d64 -version
Check if jvm arg is ok: -Xms6G -Xmx6G
Command: /home/wavin/OpenJDK-1.8.0.141-x86_64-bin/bin/java  -verbosegc -d64 -Xms6G -Xmx6G -version
configure:35731: checking whether to use sjavac
configure:35740: result: no
configure:35775: checking that precompiled headers work
configure:35784: result: yes
configure:35810: checking for ccache
configure:35828: found /usr/bin/ccache
configure:35840: result: /usr/bin/ccache
configure:35877: checking if ccache supports precompiled headers
configure:35881: result: no, disabling ccache
configure:35950: checking if build directory is on local disk
configure:35976: result: yes
configure:36115: creating /home/wavin/jdk-jdk8-b120/build/linux-x86_64-normal-server-fastdebug/config.status

## ---------------------- ##
## Running config.status. ##
## ---------------------- ##

This file was extended by OpenJDK config.status jdk8, which was
generated by GNU Autoconf 2.69.  Invocation command line was

  CONFIG_FILES    = 
  CONFIG_HEADERS  = 
  CONFIG_LINKS    = 
  CONFIG_COMMANDS = 
  $ /home/wavin/jdk-jdk8-b120/build/linux-x86_64-normal-server-fastdebug/config.status 

on wavin-NUC11PAHi5

config.status:: creating /home/wavin/jdk-jdk8-b120/build/linux-x86_64-normal-server-fastdebug/spec.gmk
config.status:: creating /home/wavin/jdk-jdk8-b120/build/linux-x86_64-normal-server-fastdebug/hotspot-spec.gmk
config.status:: creating /home/wavin/jdk-jdk8-b120/build/linux-x86_64-normal-server-fastdebug/bootcycle-spec.gmk
config.status:: creating /home/wavin/jdk-jdk8-b120/build/linux-x86_64-normal-server-fastdebug/compare.sh
config.status:: creating /home/wavin/jdk-jdk8-b120/build/linux-x86_64-normal-server-fastdebug/spec.sh
config.status:: creating /home/wavin/jdk-jdk8-b120/build/linux-x86_64-normal-server-fastdebug/Makefile
config.status:: creating /home/wavin/jdk-jdk8-b120/build/linux-x86_64-normal-server-fastdebug/config.h
config.status:: /home/wavin/jdk-jdk8-b120/build/linux-x86_64-normal-server-fastdebug/config.h is unchanged

## ---------------- ##
## Cache variables. ##
## ---------------- ##

ac_cv_build=x86_64-unknown-linux-gnu
ac_cv_c_bigendian=no
ac_cv_c_compiler_gnu=yes
ac_cv_cxx_compiler_gnu=yes
ac_cv_env_ALSA_CFLAGS_set=
ac_cv_env_ALSA_CFLAGS_value=
ac_cv_env_ALSA_LIBS_set=
ac_cv_env_ALSA_LIBS_value=
ac_cv_env_CCC_set=
ac_cv_env_CCC_value=
ac_cv_env_CC_set=set
ac_cv_env_CC_value=gcc-4.8
ac_cv_env_CFLAGS_set=set
ac_cv_env_CFLAGS_value=-W
ac_cv_env_CPPFLAGS_set=
ac_cv_env_CPPFLAGS_value=
ac_cv_env_CPP_set=
ac_cv_env_CPP_value=
ac_cv_env_CXXCPP_set=
ac_cv_env_CXXCPP_value=
ac_cv_env_CXXFLAGS_set=
ac_cv_env_CXXFLAGS_value=
ac_cv_env_CXX_set=set
ac_cv_env_CXX_value=g++-4.8
ac_cv_env_FREETYPE_CFLAGS_set=
ac_cv_env_FREETYPE_CFLAGS_value=
ac_cv_env_FREETYPE_LIBS_set=
ac_cv_env_FREETYPE_LIBS_value=
ac_cv_env_LDFLAGS_set=
ac_cv_env_LDFLAGS_value=
ac_cv_env_LIBFFI_CFLAGS_set=
ac_cv_env_LIBFFI_CFLAGS_value=
ac_cv_env_LIBFFI_LIBS_set=
ac_cv_env_LIBFFI_LIBS_value=
ac_cv_env_LIBS_set=
ac_cv_env_LIBS_value=
ac_cv_env_OBJCFLAGS_set=
ac_cv_env_OBJCFLAGS_value=
ac_cv_env_OBJC_set=
ac_cv_env_OBJC_value=
ac_cv_env_PKG_CONFIG_set=
ac_cv_env_PKG_CONFIG_value=
ac_cv_env_XMKMF_set=
ac_cv_env_XMKMF_value=
ac_cv_env_build_alias_set=
ac_cv_env_build_alias_value=
ac_cv_env_host_alias_set=
ac_cv_env_host_alias_value=
ac_cv_env_target_alias_set=
ac_cv_env_target_alias_value=
ac_cv_func_connect=yes
ac_cv_func_gethostbyname=yes
ac_cv_func_remove=yes
ac_cv_func_shmat=yes
ac_cv_have_x='have_x=yes	ac_x_includes='\'''\''	ac_x_libraries='\'''\'''
ac_cv_header_X11_Intrinsic_h=yes
ac_cv_header_X11_extensions_XTest_h=yes
ac_cv_header_X11_extensions_Xrender_h=yes
ac_cv_header_X11_extensions_shape_h=yes
ac_cv_header_cups_cups_h=yes
ac_cv_header_cups_ppd_h=yes
ac_cv_header_inttypes_h=yes
ac_cv_header_memory_h=yes
ac_cv_header_stdc=yes
ac_cv_header_stdint_h=yes
ac_cv_header_stdio_h=yes
ac_cv_header_stdlib_h=yes
ac_cv_header_string_h=yes
ac_cv_header_strings_h=yes
ac_cv_header_sys_stat_h=yes
ac_cv_header_sys_types_h=yes
ac_cv_header_unistd_h=yes
ac_cv_host=x86_64-unknown-linux-gnu
ac_cv_lib_ICE_IceConnectionNumber=yes
ac_cv_lib_dl_dlopen=yes
ac_cv_lib_jpeg_main=yes
ac_cv_lib_m_cos=yes
ac_cv_lib_z_compress=yes
ac_cv_objext=o
ac_cv_path_BASENAME=/usr/bin/basename
ac_cv_path_BASH=/usr/bin/bash
ac_cv_path_CAT=/usr/bin/cat
ac_cv_path_CCACHE=/usr/bin/ccache
ac_cv_path_CHECK_MAKE=/usr/bin/make
ac_cv_path_CHMOD=/usr/bin/chmod
ac_cv_path_CMP=/usr/bin/cmp
ac_cv_path_COMM=/usr/bin/comm
ac_cv_path_CP=/usr/bin/cp
ac_cv_path_CPIO=/usr/bin/cpio
ac_cv_path_CUT=/usr/bin/cut
ac_cv_path_DATE=/usr/bin/date
ac_cv_path_DF=/usr/bin/df
ac_cv_path_DIFF=/usr/bin/diff
ac_cv_path_DIRNAME=/usr/bin/dirname
ac_cv_path_ECHO=/usr/bin/echo
ac_cv_path_EGREP='/usr/bin/grep -E'
ac_cv_path_EXPR=/usr/bin/expr
ac_cv_path_FGREP='/usr/bin/grep -F'
ac_cv_path_FILE=/usr/bin/file
ac_cv_path_FIND=/usr/bin/find
ac_cv_path_GREP=/usr/bin/grep
ac_cv_path_HEAD=/usr/bin/head
ac_cv_path_LDD=/usr/bin/ldd
ac_cv_path_LN=/usr/bin/ln
ac_cv_path_LS=/usr/bin/ls
ac_cv_path_MKDIR=/usr/bin/mkdir
ac_cv_path_MKTEMP=/usr/bin/mktemp
ac_cv_path_MV=/usr/bin/mv
ac_cv_path_NAWK=/usr/bin/nawk
ac_cv_path_POTENTIAL_CC=/usr/bin/gcc-4.8
ac_cv_path_POTENTIAL_CXX=/usr/bin/g++-4.8
ac_cv_path_PRINTF=/usr/bin/printf
ac_cv_path_READELF=/usr/bin/readelf
ac_cv_path_READLINK=/usr/bin/readlink
ac_cv_path_RM=/usr/bin/rm
ac_cv_path_SED=/usr/bin/sed
ac_cv_path_SH=/usr/bin/sh
ac_cv_path_SORT=/usr/bin/sort
ac_cv_path_STAT=/usr/bin/stat
ac_cv_path_TAIL=/usr/bin/tail
ac_cv_path_TAR=/usr/bin/tar
ac_cv_path_TEE=/usr/bin/tee
ac_cv_path_TIME=/usr/bin/time
ac_cv_path_TOUCH=/usr/bin/touch
ac_cv_path_TR=/usr/bin/tr
ac_cv_path_UNAME=/usr/bin/uname
ac_cv_path_UNIQ=/usr/bin/uniq
ac_cv_path_UNZIP=/usr/bin/unzip
ac_cv_path_WC=/usr/bin/wc
ac_cv_path_WHICH=/usr/bin/which
ac_cv_path_XARGS=/usr/bin/xargs
ac_cv_path_ZIP=/usr/bin/zip
ac_cv_path_ac_pt_PKG_CONFIG=/usr/bin/pkg-config
ac_cv_prog_AWK=gawk
ac_cv_prog_BDEPS_FTP=wget
ac_cv_prog_BDEPS_UNZIP=unzip
ac_cv_prog_CPP='/usr/bin/gcc-4.8 -E'
ac_cv_prog_CXXCPP='/usr/bin/g++-4.8 -E'
ac_cv_prog_PKGHANDLER=apt-get
ac_cv_prog_ac_ct_AR=ar
ac_cv_prog_ac_ct_NM=nm
ac_cv_prog_ac_ct_OBJCOPY=objcopy
ac_cv_prog_ac_ct_OBJDUMP=objdump
ac_cv_prog_ac_ct_STRIP=strip
ac_cv_prog_cc_c89=
ac_cv_prog_cc_g=yes
ac_cv_prog_cxx_g=yes
ac_cv_sizeof_int_p=8
ac_cv_target=x86_64-unknown-linux-gnu
pkg_cv_ALSA_CFLAGS=
pkg_cv_ALSA_LIBS=-lasound
pkg_cv_FREETYPE_CFLAGS='-I/usr/include/freetype2 -I/usr/include/libpng16'
pkg_cv_FREETYPE_LIBS=-lfreetype

## ----------------- ##
## Output variables. ##
## ----------------- ##

ADD_SRC_ROOT=''
ALSA_CFLAGS=''
ALSA_LIBS='-lasound'
AR='/usr/bin/ar'
ARFLAGS=''
AR_OUT_OPTION='rcs$(SPACE)'
AS='/usr/bin/gcc-4.8 -c'
AWK='gawk'
BASENAME='/usr/bin/basename'
BASH='/usr/bin/bash'
BDEPS_FTP='wget'
BDEPS_UNZIP='unzip'
BOOT_JDK='/home/wavin/OpenJDK-1.8.0.141-x86_64-bin'
BOOT_JDK_JVMARGS=' -Xms64M -Xmx1100M -XX:ThreadStackSize=1536'
BOOT_JDK_SOURCETARGET='-source 7 -target 7'
BOOT_RTJAR='/home/wavin/OpenJDK-1.8.0.141-x86_64-bin/jre/lib/rt.jar'
BOOT_TOOLSJAR='/home/wavin/OpenJDK-1.8.0.141-x86_64-bin/lib/tools.jar'
BUILD_CC='/usr/bin/gcc-4.8'
BUILD_CXX='/usr/bin/g++-4.8'
BUILD_HEADLESS='BUILD_HEADLESS:=true'
BUILD_HOTSPOT='true'
BUILD_LD='/usr/bin/gcc-4.8'
BUILD_LOG='$(OUTPUT_ROOT)/build.log'
BUILD_LOG_PREVIOUS='$(OUTPUT_ROOT)/build.log.old'
BUILD_LOG_WRAPPER='$(BASH) $(SRC_ROOT)/common/bin/logger.sh $(BUILD_LOG)'
BUILD_OUTPUT='/home/wavin/jdk-jdk8-b120/build/linux-x86_64-normal-server-fastdebug'
BUILD_VARIANT_RELEASE='-fastdebug'
CACERTS_FILE='/home/wavin/jdk-jdk8-b120/jdk/src/share/lib/security/cacerts'
CAT='/usr/bin/cat'
CC='/usr/bin/gcc-4.8'
CCACHE=''
CC_OUT_OPTION='-o$(SPACE)'
CFLAGS='-W'
CFLAGS_DEBUG_SYMBOLS='-g1'
CFLAGS_JDKEXE='  -W -Wall -Wno-unused -Wno-parentheses       -pipe       -D_GNU_SOURCE -D_REENTRANT -D_LARGEFILE64_SOURCE -fno-omit-frame-pointer -D_LP64=1 -D_LITTLE_ENDIAN -DLINUX -DDEBUG -DARCH='\''"amd64"'\'' -Damd64 -DRELEASE='\''""'\''       -I/home/wavin/jdk-jdk8-b120/build/linux-x86_64-normal-server-fastdebug/jdk/include       -I/home/wavin/jdk-jdk8-b120/build/linux-x86_64-normal-server-fastdebug/jdk/include/linux       -I/home/wavin/jdk-jdk8-b120/jdk/src/share/javavm/export       -I/home/wavin/jdk-jdk8-b120/jdk/src/solaris/javavm/export       -I/home/wavin/jdk-jdk8-b120/jdk/src/share/native/common       -I/home/wavin/jdk-jdk8-b120/jdk/src/solaris/native/common   -fno-strict-aliasing -g1'
CFLAGS_JDKLIB='  -W -Wall -Wno-unused -Wno-parentheses       -pipe       -D_GNU_SOURCE -D_REENTRANT -D_LARGEFILE64_SOURCE -fno-omit-frame-pointer -D_LP64=1 -D_LITTLE_ENDIAN -DLINUX -DDEBUG -DARCH='\''"amd64"'\'' -Damd64 -DRELEASE='\''""'\''       -I/home/wavin/jdk-jdk8-b120/build/linux-x86_64-normal-server-fastdebug/jdk/include       -I/home/wavin/jdk-jdk8-b120/build/linux-x86_64-normal-server-fastdebug/jdk/include/linux       -I/home/wavin/jdk-jdk8-b120/jdk/src/share/javavm/export       -I/home/wavin/jdk-jdk8-b120/jdk/src/solaris/javavm/export       -I/home/wavin/jdk-jdk8-b120/jdk/src/share/native/common       -I/home/wavin/jdk-jdk8-b120/jdk/src/solaris/native/common   -fno-strict-aliasing -g1 -fPIC '
CHECK_GMAKE=''
CHECK_MAKE='/usr/bin/make'
CHECK_TOOLSDIR_GMAKE=''
CHECK_TOOLSDIR_MAKE=''
CHMOD='/usr/bin/chmod'
CMP='/usr/bin/cmp'
CODESIGN=''
COMM='/usr/bin/comm'
COMPANY_NAME='N/A'
COMPILER_NAME='gcc'
COMPILER_SUPPORTS_TARGET_BITS_FLAG='true'
COMPILER_TYPE='CC'
COMPILE_TYPE='native'
COMPRESS_JARS='false'
CONFIGURE_COMMAND_LINE='--with-boot-jdk=/home/wavin/OpenJDK-1.8.0.141-x86_64-bin --enable-debug --enable-debug-symbols --disable-zip-debug-info --with-target-bits=64'
CONF_NAME='linux-x86_64-normal-server-fastdebug'
COOKED_BUILD_NUMBER='0'
COPYRIGHT_YEAR='2021'
CORBA_TOPDIR='/home/wavin/jdk-jdk8-b120/corba'
CP='/usr/bin/cp'
CPIO='/usr/bin/cpio'
CPP='/usr/bin/gcc-4.8 -E'
CPPFLAGS=''
CUPS_CFLAGS=''
CUSTOM_MAKE_DIR=''
CUT='/usr/bin/cut'
CXX='/usr/bin/g++-4.8'
CXXCPP='/usr/bin/g++-4.8 -E'
CXXFLAGS=' -I/usr/include/freetype2 -I/usr/include/libpng16'
CXXFLAGS_DEBUG_SYMBOLS='-g1'
CXXFLAGS_JDKEXE='  -W -Wall -Wno-unused -Wno-parentheses       -pipe       -D_GNU_SOURCE -D_REENTRANT -D_LARGEFILE64_SOURCE -fno-omit-frame-pointer -D_LP64=1 -D_LITTLE_ENDIAN -DLINUX -DDEBUG -DARCH='\''"amd64"'\'' -Damd64 -DRELEASE='\''""'\''       -I/home/wavin/jdk-jdk8-b120/build/linux-x86_64-normal-server-fastdebug/jdk/include       -I/home/wavin/jdk-jdk8-b120/build/linux-x86_64-normal-server-fastdebug/jdk/include/linux       -I/home/wavin/jdk-jdk8-b120/jdk/src/share/javavm/export       -I/home/wavin/jdk-jdk8-b120/jdk/src/solaris/javavm/export       -I/home/wavin/jdk-jdk8-b120/jdk/src/share/native/common       -I/home/wavin/jdk-jdk8-b120/jdk/src/solaris/native/common   -g1'
CXXFLAGS_JDKLIB='  -W -Wall -Wno-unused -Wno-parentheses       -pipe       -D_GNU_SOURCE -D_REENTRANT -D_LARGEFILE64_SOURCE -fno-omit-frame-pointer -D_LP64=1 -D_LITTLE_ENDIAN -DLINUX -DDEBUG -DARCH='\''"amd64"'\'' -Damd64 -DRELEASE='\''""'\''       -I/home/wavin/jdk-jdk8-b120/build/linux-x86_64-normal-server-fastdebug/jdk/include       -I/home/wavin/jdk-jdk8-b120/build/linux-x86_64-normal-server-fastdebug/jdk/include/linux       -I/home/wavin/jdk-jdk8-b120/jdk/src/share/javavm/export       -I/home/wavin/jdk-jdk8-b120/jdk/src/solaris/javavm/export       -I/home/wavin/jdk-jdk8-b120/jdk/src/share/native/common       -I/home/wavin/jdk-jdk8-b120/jdk/src/solaris/native/common   -g1 -fPIC  '
CXX_FLAG_DEPS='-MMD -MF'
CXX_FLAG_REORDER=''
CXX_O_FLAG_HI='-O2'
CXX_O_FLAG_HIGHEST='-O3'
CXX_O_FLAG_NONE='-O0'
CXX_O_FLAG_NORM='-O2'
CYGPATH=''
CYGWIN_LINK=''
C_FLAG_DEPS='-MMD -MF'
C_FLAG_REORDER=''
C_O_FLAG_HI='-O2'
C_O_FLAG_HIGHEST='-O3'
C_O_FLAG_NONE='-O0'
C_O_FLAG_NORM='-O2'
DATE='/usr/bin/date'
DATE_WHEN_CONFIGURED='Sat Oct 30 10:35:05 CST 2021'
DEBUG_CLASSFILES='true'
DEBUG_LEVEL='fastdebug'
DEFINE_CROSS_COMPILE_ARCH=''
DEFS='-DHAVE_CONFIG_H'
DF='/usr/bin/df'
DIFF='/usr/bin/diff'
DIRNAME='/usr/bin/dirname'
DSYMUTIL=''
DUMPBIN=''
ECHO='/usr/bin/echo'
ECHO_C=''
ECHO_N='-n'
ECHO_T=''
EGREP='/usr/bin/grep -E'
ENABLE_DEBUG_SYMBOLS='true'
ENABLE_INTREE_EC='yes'
ENABLE_SJAVAC='no'
EXEEXT=''
EXE_OUT_OPTION='-o$(SPACE)'
EXE_SUFFIX=''
EXPR='/usr/bin/expr'
FASTDEBUG='true'
FGREP='/usr/bin/grep -F'
FILE='/usr/bin/file'
FIND='/usr/bin/find'
FIND_DELETE='-delete'
FIXPATH=''
FREETYPE_BUNDLE_LIB_PATH=''
FREETYPE_CFLAGS='-I/usr/include/freetype2 -I/usr/include/libpng16'
FREETYPE_LIBS='-lfreetype'
GNM='/usr/bin/nm'
GREP='/usr/bin/grep'
HEAD='/usr/bin/head'
HG=''
HOTSPOT_CXX='/usr/bin/g++-4.8'
HOTSPOT_DIST='/home/wavin/jdk-jdk8-b120/build/linux-x86_64-normal-server-fastdebug/hotspot/dist'
HOTSPOT_LD='/usr/bin/gcc-4.8'
HOTSPOT_MAKE_ARGS='fastdebug  docs export_fastdebug'
HOTSPOT_MT=''
HOTSPOT_RC=''
HOTSPOT_TOPDIR='/home/wavin/jdk-jdk8-b120/hotspot'
INCLUDE_SA='true'
IS_GNU_TIME='yes'
JAVAC_CHECK=''
JAVAC_FLAGS=' -g'
JAVA_CHECK=''
JAXP_TOPDIR='/home/wavin/jdk-jdk8-b120/jaxp'
JAXWS_TOPDIR='/home/wavin/jdk-jdk8-b120/jaxws'
JDK_BUILD_NUMBER='b00'
JDK_MAJOR_VERSION='1'
JDK_MICRO_VERSION='0'
JDK_MINOR_VERSION='8'
JDK_RC_PLATFORM_NAME='Platform'
JDK_TOPDIR='/home/wavin/jdk-jdk8-b120/jdk'
JDK_UPDATE_VERSION=''
JDK_VARIANT='normal'
JDK_VERSION='1.8.0'
JOBS='7'
JTREGEXE=''
JT_HOME=''
JVM_VARIANTS=',server,'
JVM_VARIANT_CLIENT='false'
JVM_VARIANT_KERNEL='false'
JVM_VARIANT_MINIMAL1='false'
JVM_VARIANT_SERVER='true'
JVM_VARIANT_ZERO='false'
JVM_VARIANT_ZEROSHARK='false'
LANGTOOLS_TOPDIR='/home/wavin/jdk-jdk8-b120/langtools'
LAUNCHER_NAME='openjdk'
LD='/usr/bin/gcc-4.8'
LDCXX='/usr/bin/gcc-4.8'
LDD='/usr/bin/ldd'
LDEXE='/usr/bin/gcc-4.8'
LDEXECXX='/usr/bin/g++-4.8'
LDFLAGS=''
LDFLAGS_CXX_JDK=''
LDFLAGS_JDKEXE='  -Xlinker --hash-style=both  -Xlinker -z -Xlinker defs -Xlinker --allow-shlib-undefined'
LDFLAGS_JDKEXE_SUFFIX=''
LDFLAGS_JDKLIB='  -Xlinker --hash-style=both  -Xlinker -z -Xlinker defs -shared         -L/home/wavin/jdk-jdk8-b120/build/linux-x86_64-normal-server-fastdebug/jdk/lib/amd64 -L/home/wavin/jdk-jdk8-b120/build/linux-x86_64-normal-server-fastdebug/jdk/lib/amd64/server'
LDFLAGS_JDKLIB_SUFFIX='-ljava -ljvm'
LD_OUT_OPTION='-o$(SPACE)'
LEGACY_EXTRA_CFLAGS=''
LEGACY_EXTRA_CXXFLAGS=''
LEGACY_EXTRA_LDFLAGS=''
LIBCXX=' -Wl,-Bstatic -lstdc++ -lgcc -Wl,-Bdynamic'
LIBDL='-ldl '
LIBFFI_CFLAGS=''
LIBFFI_LIBS=''
LIBM=''
LIBOBJS=''
LIBRARY_PREFIX='lib'
LIBS='-lm -ljpeg '
LIBZIP_CAN_USE_MMAP='true'
LIPO=''
LLVM_CFLAGS=''
LLVM_CONFIG=''
LLVM_LDFLAGS=''
LLVM_LIBS=''
LN='/usr/bin/ln'
LP64='LP64:='
LS='/usr/bin/ls'
LTLIBOBJS=''
MACOSX_BUNDLE_ID_BASE='net.java.openjdk'
MACOSX_BUNDLE_NAME_BASE='OpenJDK'
MACOSX_UNIVERSAL=''
MACOSX_VERSION_MIN=''
MAKE='/usr/bin/make'
MCS=''
MEMORY_SIZE='15635'
MILESTONE='internal'
MKDIR='/usr/bin/mkdir'
MKTEMP='/usr/bin/mktemp'
MSVCR_DLL=''
MT=''
MV='/usr/bin/mv'
NASHORN_TOPDIR='/home/wavin/jdk-jdk8-b120/nashorn'
NAWK='/usr/bin/nawk'
NM='/usr/bin/nm'
NUM_CORES='8'
OBJC=''
OBJCFLAGS=''
OBJCOPY='/usr/bin/objcopy'
OBJDUMP='/usr/bin/objdump'
OBJEXT='o'
OBJ_SUFFIX='.o'
OPENJDK_BUILD_AUTOCONF_NAME='x86_64-unknown-linux-gnu'
OPENJDK_BUILD_CPU='x86_64'
OPENJDK_BUILD_CPU_ARCH='x86'
OPENJDK_BUILD_CPU_BITS='64'
OPENJDK_BUILD_CPU_ENDIAN='little'
OPENJDK_BUILD_OS='linux'
OPENJDK_BUILD_OS_API='posix'
OPENJDK_TARGET_AUTOCONF_NAME='x86_64-unknown-linux-gnu'
OPENJDK_TARGET_CPU='x86_64'
OPENJDK_TARGET_CPU_ARCH='x86'
OPENJDK_TARGET_CPU_BITS='64'
OPENJDK_TARGET_CPU_ENDIAN='little'
OPENJDK_TARGET_CPU_ISADIR=''
OPENJDK_TARGET_CPU_JLI_CFLAGS='-DLIBARCHNAME='\''"amd64"'\'''
OPENJDK_TARGET_CPU_LEGACY='amd64'
OPENJDK_TARGET_CPU_LEGACY_LIB='amd64'
OPENJDK_TARGET_CPU_LIBDIR='/amd64'
OPENJDK_TARGET_CPU_OSARCH='amd64'
OPENJDK_TARGET_OS='linux'
OPENJDK_TARGET_OS_API='posix'
OPENJDK_TARGET_OS_API_DIR='solaris'
OPENJDK_TARGET_OS_EXPORT_DIR='solaris'
OPENWIN_HOME=''
OS_VERSION_MAJOR='5'
OS_VERSION_MICRO='0'
OS_VERSION_MINOR='11'
OTOOL='true'
OUTPUT_ROOT='/home/wavin/jdk-jdk8-b120/build/linux-x86_64-normal-server-fastdebug'
OVERRIDE_SRC_ROOT=''
PACKAGE_BUGREPORT='build-dev@openjdk.java.net'
PACKAGE_NAME='OpenJDK'
PACKAGE_PATH='/opt/local'
PACKAGE_STRING='OpenJDK jdk8'
PACKAGE_TARNAME='openjdk'
PACKAGE_URL='http://openjdk.java.net'
PACKAGE_VERSION='jdk8'
PATH_SEP=':'
PATH_SEPARATOR=':'
PKGHANDLER='apt-get'
PKG_CONFIG='/usr/bin/pkg-config'
POST_MCS_CMD=''
POST_STRIP_CMD='/usr/bin/strip -g'
POTENTIAL_CC='/usr/bin/gcc-4.8'
POTENTIAL_CXX='/usr/bin/g++-4.8'
PRINTF='/usr/bin/printf'
PRODUCT_NAME='OpenJDK'
PRODUCT_SUFFIX='Runtime Environment'
PROPER_COMPILER_CC=''
PROPER_COMPILER_CXX=''
RC=''
RC_FLAGS=''
READELF='/usr/bin/readelf'
READLINK='/usr/bin/readlink'
REQUIRED_OS_NAME='Linux'
REQUIRED_OS_VERSION='2.6'
RM='/usr/bin/rm -f'
SALIB_NAME='libsaproc.so'
SED='/usr/bin/sed'
SETFILE=''
SET_EXECUTABLE_ORIGIN='-Xlinker -rpath -Xlinker \$$$$ORIGIN$1'
SET_OPENJDK='OPENJDK=true'
SET_SHARED_LIBRARY_MAPFILE='-Xlinker -version-script=$1'
SET_SHARED_LIBRARY_NAME='-Xlinker -soname=$1'
SET_SHARED_LIBRARY_ORIGIN='-Xlinker -z -Xlinker origin -Xlinker -rpath -Xlinker \$$$$ORIGIN$1'
SH='/usr/bin/sh'
SHARED_LIBRARY='lib$1.so'
SHARED_LIBRARY_FLAGS='-shared'
SHARED_LIBRARY_SUFFIX='.so'
SHELL='/bin/sh'
SJAVAC_SERVER_DIR=''
SJAVAC_SERVER_JAVA='/home/wavin/OpenJDK-1.8.0.141-x86_64-bin/bin/java  -verbosegc -d64 -Xms6G -Xmx6G'
SORT='/usr/bin/sort'
SPEC='/home/wavin/jdk-jdk8-b120/build/linux-x86_64-normal-server-fastdebug/spec.gmk'
SRC_ROOT='/home/wavin/jdk-jdk8-b120'
STAT='/usr/bin/stat'
STATIC_CXX_SETTING='STATIC_CXX=true'
STATIC_LIBRARY='lib$1.a'
STATIC_LIBRARY_SUFFIX='.a'
STRIP='/usr/bin/strip'
SUPPORT_HEADFUL='yes'
SUPPORT_HEADLESS='yes'
SYS_ROOT='/'
TAIL='/usr/bin/tail'
TAR='/usr/bin/tar'
TEE='/usr/bin/tee'
TEST_IN_BUILD='false'
TIME='/usr/bin/time'
TOOLS_DIR_CC=''
TOOLS_DIR_CXX=''
TOUCH='/usr/bin/touch'
TR='/usr/bin/tr'
UNAME='/usr/bin/uname'
UNIQ='/usr/bin/uniq'
UNLIMITED_CRYPTO='false'
UNZIP='/usr/bin/unzip'
USER_RELEASE_SUFFIX='avin_2021_10_30_10_35'
USE_EXTERNAL_LIBGIF='false'
USE_EXTERNAL_LIBJPEG='true'
USE_EXTERNAL_LIBZ='false'
USE_PRECOMPILED_HEADER='1'
VARIANT='DBG'
VS_INCLUDE=''
VS_LIB=''
VS_PATH=''
WC='/usr/bin/wc'
WHICH='/usr/bin/which'
WINAR=''
WINLD=''
XARGS='/usr/bin/xargs'
XATTR=''
XMKMF=''
X_CFLAGS=''
X_EXTRA_LIBS=''
X_LIBS=''
X_PRE_LIBS=' -lSM -lICE'
ZERO_ARCHDEF='AMD64'
ZERO_ARCHFLAG='-m64'
ZIP='/usr/bin/zip'
ZIP_DEBUGINFO_FILES='false'
ac_ct_CC=''
ac_ct_CXX=''
ac_ct_OBJC=''
ac_ct_OBJCOPY='objcopy'
ac_ct_OBJDUMP='objdump'
ac_ct_PROPER_COMPILER_CC=''
ac_ct_PROPER_COMPILER_CXX=''
bindir='${exec_prefix}/bin'
build='x86_64-unknown-linux-gnu'
build_alias=''
build_cpu='x86_64'
build_os='linux-gnu'
build_vendor='unknown'
datadir='${datarootdir}'
datarootdir='${prefix}/share'
docdir='${datarootdir}/doc/${PACKAGE_TARNAME}'
dvidir='${docdir}'
exec_prefix='${prefix}'
host='x86_64-unknown-linux-gnu'
host_alias=''
host_cpu='x86_64'
host_os='linux-gnu'
host_vendor='unknown'
htmldir='${docdir}'
includedir='${prefix}/include'
infodir='${datarootdir}/info'
libdir='${exec_prefix}/lib'
libexecdir='${exec_prefix}/libexec'
localedir='${datarootdir}/locale'
localstatedir='${prefix}/var'
mandir='${datarootdir}/man'
oldincludedir='/usr/include'
pdfdir='${docdir}'
prefix='/usr/local'
program_transform_name='s,x,x,'
psdir='${docdir}'
sbindir='${exec_prefix}/sbin'
sharedstatedir='${prefix}/com'
sysconfdir='${prefix}/etc'
target='x86_64-unknown-linux-gnu'
target_alias=''
target_cpu='x86_64'
target_os='linux-gnu'
target_vendor='unknown'

## ----------- ##
## confdefs.h. ##
## ----------- ##

/* confdefs.h */
#define PACKAGE_NAME "OpenJDK"
#define PACKAGE_TARNAME "openjdk"
#define PACKAGE_VERSION "jdk8"
#define PACKAGE_STRING "OpenJDK jdk8"
#define PACKAGE_BUGREPORT "build-dev@openjdk.java.net"
#define PACKAGE_URL "http://openjdk.java.net"
#define STDC_HEADERS 1
#define HAVE_SYS_TYPES_H 1
#define HAVE_SYS_STAT_H 1
#define HAVE_STDLIB_H 1
#define HAVE_STRING_H 1
#define HAVE_MEMORY_H 1
#define HAVE_STRINGS_H 1
#define HAVE_INTTYPES_H 1
#define HAVE_STDINT_H 1
#define HAVE_UNISTD_H 1
#define HAVE_STDIO_H 1
#define SIZEOF_INT_P 8
#define HAVE_X11_EXTENSIONS_SHAPE_H 1
#define HAVE_X11_EXTENSIONS_XRENDER_H 1
#define HAVE_X11_EXTENSIONS_XTEST_H 1
#define HAVE_X11_INTRINSIC_H 1
#define HAVE_CUPS_CUPS_H 1
#define HAVE_CUPS_PPD_H 1
#define HAVE_LIBJPEG 1
#define HAVE_LIBM 1
#define HAVE_LIBDL 1

configure: exit 0
